<?xml version="1.0" encoding="UTF-8"?>
<testsuite xmlns:xsi="http://www.w3.org/2001/XMLSchema-instance" xsi:schemaLocation="https://maven.apache.org/surefire/maven-surefire-plugin/xsd/surefire-test-report.xsd" name="Steps.RunnerTest" time="50.195" tests="24" errors="6" skipped="15" failures="0">
  <properties>
[...]
</properties>
  <testcase name="Given I am on the Home Page" classname="Scenario: As a user I want to reset my Password" time="0.005"/>
  <testcase name="And I see a Logo Banner" classname="Scenario: As a user I want to reset my Password" time="0"/>
  <testcase name="When I click SignIn Button" classname="Scenario: As a user I want to reset my Password" time="0"/>
  <testcase name="And I click forgot password Link" classname="Scenario: As a user I want to reset my Password" time="0.017">
    <error type="java.lang.NullPointerException">java.lang.NullPointerException
</error>
  </testcase>
  <testcase name="Scenario: As a user I want to reset my Password" classname="Scenario: As a user I want to reset my Password" time="0.018">
    <error type="java.lang.NullPointerException">java.lang.NullPointerException
</error>
  </testcase>
  <testcase name="And I enter user email &quot;bennaroh@gmail.com&quot; details" classname="Scenario: As a user I want to reset my Password" time="0">
    <skipped/>
  </testcase>
  <testcase name="When I click retrieve password button" classname="Scenario: As a user I want to reset my Password" time="0">
    <skipped/>
  </testcase>
  <testcase name="Given I am on the Home Page" classname="| bennaroh@gmail.com |  | Password is required |" time="0">
    <error message="no such window: target window already closed&#10;from unknown error: web view not found&#10;  (Session info: chrome=62.0.3202.94)&#10;  (Driver info: chromedriver=2.25.426923 (0390b88869384d6eb0d5d09729679f934aab9eed),platform=Windows NT 6.1.7601 SP1 x86_64) (WARNING: The server did not provide any stacktrace information)&#10;Command duration or timeout: 42 milliseconds&#10;Build info: version: &apos;3.0.1&apos;, revision: &apos;1969d75&apos;, time: &apos;2016-10-18 09:49:13 -0700&apos;&#10;System info: host: &apos;Ben-PC&apos;, ip: &apos;192.168.1.64&apos;, os.name: &apos;Windows 7&apos;, os.arch: &apos;amd64&apos;, os.version: &apos;6.1&apos;, java.version: &apos;1.8.0_144&apos;&#10;Driver info: org.openqa.selenium.chrome.ChromeDriver&#10;Capabilities [{applicationCacheEnabled=false, rotatable=false, mobileEmulationEnabled=false, networkConnectionEnabled=false, chrome={chromedriverVersion=2.25.426923 (0390b88869384d6eb0d5d09729679f934aab9eed), userDataDir=C:\Users\ben\AppData\Local\Temp\scoped_dir6012_20605}, takesHeapSnapshot=true, pageLoadStrategy=normal, databaseEnabled=false, handlesAlerts=true, hasTouchScreen=false, version=62.0.3202.94, platform=XP, browserConnectionEnabled=false, nativeEvents=true, acceptSslCerts=true, locationContextEnabled=true, webStorageEnabled=true, browserName=chrome, takesScreenshot=true, javascriptEnabled=true, cssSelectorsEnabled=true}]&#10;Session ID: fe2fba0eb80980618d96cb4dff545730" type="org.openqa.selenium.NoSuchWindowException">org.openqa.selenium.NoSuchWindowException: 
no such window: target window already closed
from unknown error: web view not found
  (Session info: chrome=62.0.3202.94)
  (Driver info: chromedriver=2.25.426923 (0390b88869384d6eb0d5d09729679f934aab9eed),platform=Windows NT 6.1.7601 SP1 x86_64) (WARNING: The server did not provide any stacktrace information)
Command duration or timeout: 42 milliseconds
Build info: version: '3.0.1', revision: '1969d75', time: '2016-10-18 09:49:13 -0700'
System info: host: 'Ben-PC', ip: '192.168.1.64', os.name: 'Windows 7', os.arch: 'amd64', os.version: '6.1', java.version: '1.8.0_144'
Driver info: org.openqa.selenium.chrome.ChromeDriver
Capabilities [{applicationCacheEnabled=false, rotatable=false, mobileEmulationEnabled=false, networkConnectionEnabled=false, chrome={chromedriverVersion=2.25.426923 (0390b88869384d6eb0d5d09729679f934aab9eed), userDataDir=C:\Users\ben\AppData\Local\Temp\scoped_dir6012_20605}, takesHeapSnapshot=true, pageLoadStrategy=normal, databaseEnabled=false, handlesAlerts=true, hasTouchScreen=false, version=62.0.3202.94, platform=XP, browserConnectionEnabled=false, nativeEvents=true, acceptSslCerts=true, locationContextEnabled=true, webStorageEnabled=true, browserName=chrome, takesScreenshot=true, javascriptEnabled=true, cssSelectorsEnabled=true}]
Session ID: fe2fba0eb80980618d96cb4dff545730
</error>
    <system-out><![CDATA[
  Scenario: As a user I want to reset my Password       &amp#27;[90m# feature/ForgotPassword.feature:4&amp#27;[0m
    &amp#27;[32mGiven &amp#27;[0m&amp#27;[32mI am on the Home Page&amp#27;[0m                         &amp#27;[90m# Common.iAmOnTheHomePage()&amp#27;[0m
    &amp#27;[32mAnd &amp#27;[0m&amp#27;[32mI see a Logo Banner&amp#27;[0m                             &amp#27;[90m# Common.iSeeALogoBanner()&amp#27;[0m
    &amp#27;[32mWhen &amp#27;[0m&amp#27;[32mI click SignIn Button&amp#27;[0m                          &amp#27;[90m# Login.i_click_SignIn_Button()&amp#27;[0m
    &amp#27;[31mAnd &amp#27;[0m&amp#27;[31mI click forgot password Link&amp#27;[0m                    &amp#27;[90m# ForgotPassword.iClickForgotPasswordLink()&amp#27;[0m
      &amp#27;[31mjava.lang.NullPointerException
      	at sun.reflect.NativeMethodAccessorImpl.invoke0(Native Method)
      	at sun.reflect.NativeMethodAccessorImpl.invoke(NativeMethodAccessorImpl.java:62)
      	at sun.reflect.DelegatingMethodAccessorImpl.invoke(DelegatingMethodAccessorImpl.java:43)
      	at java.lang.reflect.Method.invoke(Method.java:498)
      	at org.openqa.selenium.support.pagefactory.internal.LocatingElementHandler.invoke(LocatingElementHandler.java:51)
      	at com.sun.proxy.$Proxy17.click(Unknown Source)
      	at Pages.LoginPage.click_forgot_password(LoginPage.java:42)
      	at Steps.ForgotPassword.iClickForgotPasswordLink(ForgotPassword.java:30)
      	at ?.And I click forgot password Link(feature/ForgotPassword.feature:8)
      &amp#27;[0m
    &amp#27;[36mAnd &amp#27;[0m&amp#27;[36mI enter user email "&amp#27;[0m&amp#27;[36m&amp#27;[1mbennaroh@gmail.com&amp#27;[0m&amp#27;[36m" details&amp#27;[0m &amp#27;[90m# Login.iEnterUserEmailDetails(String)&amp#27;[0m
    &amp#27;[36mWhen &amp#27;[0m&amp#27;[36mI click retrieve password button&amp#27;[0m               &amp#27;[90m# ForgotPassword.iClickRetrievePasswordButton()&amp#27;[0m
@InvalidLogin
Feature: Invalid Login

  Scenario Outline: As a user I want to see error message when I log in incorrectly &amp#27;[90m# feature/IncorrectLogin.feature:4&amp#27;[0m
    &amp#27;[36mGiven &amp#27;[0m&amp#27;[36mI am on the Home Page&amp#27;[0m
    &amp#27;[36mAnd &amp#27;[0m&amp#27;[36mI see a Logo Banner&amp#27;[0m
    &amp#27;[36mWhen &amp#27;[0m&amp#27;[36mI click SignIn Button&amp#27;[0m
    &amp#27;[36mAnd &amp#27;[0m&amp#27;[36mI enter user email "<email>" details&amp#27;[0m
    &amp#27;[36mAnd &amp#27;[0m&amp#27;[36mI enter user password "<password>" details&amp#27;[0m
    &amp#27;[36mAnd &amp#27;[0m&amp#27;[36mI click the Login Button&amp#27;[0m
    &amp#27;[36mThen &amp#27;[0m&amp#27;[36mI see an error "<ErrorMessage>" message details&amp#27;[0m

    Examples: 
]]></system-out>
  </testcase>
  <testcase name="| bennaroh@gmail.com |  | Password is required |" classname="| bennaroh@gmail.com |  | Password is required |" time="0">
    <error message="no such window: target window already closed&#10;from unknown error: web view not found&#10;  (Session info: chrome=62.0.3202.94)&#10;  (Driver info: chromedriver=2.25.426923 (0390b88869384d6eb0d5d09729679f934aab9eed),platform=Windows NT 6.1.7601 SP1 x86_64) (WARNING: The server did not provide any stacktrace information)&#10;Command duration or timeout: 42 milliseconds&#10;Build info: version: &apos;3.0.1&apos;, revision: &apos;1969d75&apos;, time: &apos;2016-10-18 09:49:13 -0700&apos;&#10;System info: host: &apos;Ben-PC&apos;, ip: &apos;192.168.1.64&apos;, os.name: &apos;Windows 7&apos;, os.arch: &apos;amd64&apos;, os.version: &apos;6.1&apos;, java.version: &apos;1.8.0_144&apos;&#10;Driver info: org.openqa.selenium.chrome.ChromeDriver&#10;Capabilities [{applicationCacheEnabled=false, rotatable=false, mobileEmulationEnabled=false, networkConnectionEnabled=false, chrome={chromedriverVersion=2.25.426923 (0390b88869384d6eb0d5d09729679f934aab9eed), userDataDir=C:\Users\ben\AppData\Local\Temp\scoped_dir6012_20605}, takesHeapSnapshot=true, pageLoadStrategy=normal, databaseEnabled=false, handlesAlerts=true, hasTouchScreen=false, version=62.0.3202.94, platform=XP, browserConnectionEnabled=false, nativeEvents=true, acceptSslCerts=true, locationContextEnabled=true, webStorageEnabled=true, browserName=chrome, takesScreenshot=true, javascriptEnabled=true, cssSelectorsEnabled=true}]&#10;Session ID: fe2fba0eb80980618d96cb4dff545730" type="org.openqa.selenium.NoSuchWindowException">org.openqa.selenium.NoSuchWindowException: 
no such window: target window already closed
from unknown error: web view not found
  (Session info: chrome=62.0.3202.94)
  (Driver info: chromedriver=2.25.426923 (0390b88869384d6eb0d5d09729679f934aab9eed),platform=Windows NT 6.1.7601 SP1 x86_64) (WARNING: The server did not provide any stacktrace information)
Command duration or timeout: 42 milliseconds
Build info: version: '3.0.1', revision: '1969d75', time: '2016-10-18 09:49:13 -0700'
System info: host: 'Ben-PC', ip: '192.168.1.64', os.name: 'Windows 7', os.arch: 'amd64', os.version: '6.1', java.version: '1.8.0_144'
Driver info: org.openqa.selenium.chrome.ChromeDriver
Capabilities [{applicationCacheEnabled=false, rotatable=false, mobileEmulationEnabled=false, networkConnectionEnabled=false, chrome={chromedriverVersion=2.25.426923 (0390b88869384d6eb0d5d09729679f934aab9eed), userDataDir=C:\Users\ben\AppData\Local\Temp\scoped_dir6012_20605}, takesHeapSnapshot=true, pageLoadStrategy=normal, databaseEnabled=false, handlesAlerts=true, hasTouchScreen=false, version=62.0.3202.94, platform=XP, browserConnectionEnabled=false, nativeEvents=true, acceptSslCerts=true, locationContextEnabled=true, webStorageEnabled=true, browserName=chrome, takesScreenshot=true, javascriptEnabled=true, cssSelectorsEnabled=true}]
Session ID: fe2fba0eb80980618d96cb4dff545730
</error>
  </testcase>
  <testcase name="And I see a Logo Banner" classname="| bennaroh@gmail.com |  | Password is required |" time="0">
    <skipped/>
  </testcase>
  <testcase name="When I click SignIn Button" classname="| bennaroh@gmail.com |  | Password is required |" time="0">
    <skipped/>
  </testcase>
  <testcase name="And I enter user email &quot;bennaroh@gmail.com&quot; details" classname="| bennaroh@gmail.com |  | Password is required |" time="0">
    <skipped/>
  </testcase>
  <testcase name="And I enter user password &quot;&quot; details" classname="| bennaroh@gmail.com |  | Password is required |" time="0">
    <skipped/>
  </testcase>
  <testcase name="And I click the Login Button" classname="| bennaroh@gmail.com |  | Password is required |" time="0">
    <skipped/>
  </testcase>
  <testcase name="Then I see an error &quot;Password is required&quot; message details" classname="| bennaroh@gmail.com |  | Password is required |" time="0">
    <skipped/>
  </testcase>
  <testcase name="Given I am on the Home Page" classname="| bennaroh@gmail.com | benedith12 |" time="0.001">
    <error message="no such window: target window already closed&#10;from unknown error: web view not found&#10;  (Session info: chrome=62.0.3202.94)&#10;  (Driver info: chromedriver=2.25.426923 (0390b88869384d6eb0d5d09729679f934aab9eed),platform=Windows NT 6.1.7601 SP1 x86_64) (WARNING: The server did not provide any stacktrace information)&#10;Command duration or timeout: 56 milliseconds&#10;Build info: version: &apos;3.0.1&apos;, revision: &apos;1969d75&apos;, time: &apos;2016-10-18 09:49:13 -0700&apos;&#10;System info: host: &apos;Ben-PC&apos;, ip: &apos;192.168.1.64&apos;, os.name: &apos;Windows 7&apos;, os.arch: &apos;amd64&apos;, os.version: &apos;6.1&apos;, java.version: &apos;1.8.0_144&apos;&#10;Driver info: org.openqa.selenium.chrome.ChromeDriver&#10;Capabilities [{applicationCacheEnabled=false, rotatable=false, mobileEmulationEnabled=false, networkConnectionEnabled=false, chrome={chromedriverVersion=2.25.426923 (0390b88869384d6eb0d5d09729679f934aab9eed), userDataDir=C:\Users\ben\AppData\Local\Temp\scoped_dir6012_20605}, takesHeapSnapshot=true, pageLoadStrategy=normal, databaseEnabled=false, handlesAlerts=true, hasTouchScreen=false, version=62.0.3202.94, platform=XP, browserConnectionEnabled=false, nativeEvents=true, acceptSslCerts=true, locationContextEnabled=true, webStorageEnabled=true, browserName=chrome, takesScreenshot=true, javascriptEnabled=true, cssSelectorsEnabled=true}]&#10;Session ID: fe2fba0eb80980618d96cb4dff545730" type="org.openqa.selenium.NoSuchWindowException">org.openqa.selenium.NoSuchWindowException: 
no such window: target window already closed
from unknown error: web view not found
  (Session info: chrome=62.0.3202.94)
  (Driver info: chromedriver=2.25.426923 (0390b88869384d6eb0d5d09729679f934aab9eed),platform=Windows NT 6.1.7601 SP1 x86_64) (WARNING: The server did not provide any stacktrace information)
Command duration or timeout: 56 milliseconds
Build info: version: '3.0.1', revision: '1969d75', time: '2016-10-18 09:49:13 -0700'
System info: host: 'Ben-PC', ip: '192.168.1.64', os.name: 'Windows 7', os.arch: 'amd64', os.version: '6.1', java.version: '1.8.0_144'
Driver info: org.openqa.selenium.chrome.ChromeDriver
Capabilities [{applicationCacheEnabled=false, rotatable=false, mobileEmulationEnabled=false, networkConnectionEnabled=false, chrome={chromedriverVersion=2.25.426923 (0390b88869384d6eb0d5d09729679f934aab9eed), userDataDir=C:\Users\ben\AppData\Local\Temp\scoped_dir6012_20605}, takesHeapSnapshot=true, pageLoadStrategy=normal, databaseEnabled=false, handlesAlerts=true, hasTouchScreen=false, version=62.0.3202.94, platform=XP, browserConnectionEnabled=false, nativeEvents=true, acceptSslCerts=true, locationContextEnabled=true, webStorageEnabled=true, browserName=chrome, takesScreenshot=true, javascriptEnabled=true, cssSelectorsEnabled=true}]
Session ID: fe2fba0eb80980618d96cb4dff545730
</error>
    <system-out><![CDATA[
  @InvalidLogin
  Scenario Outline: As a user I want to see error message when I log in incorrectly &amp#27;[90m# feature/IncorrectLogin.feature:17&amp#27;[0m
    &amp#27;[31mGiven &amp#27;[0m&amp#27;[31mI am on the Home Page&amp#27;[0m                                                     &amp#27;[90m# Common.iAmOnTheHomePage()&amp#27;[0m
      &amp#27;[31morg.openqa.selenium.NoSuchWindowException: no such window: target window already closed
      from unknown error: web view not found
        (Session info: chrome=62.0.3202.94)
        (Driver info: chromedriver=2.25.426923 (0390b88869384d6eb0d5d09729679f934aab9eed),platform=Windows NT 6.1.7601 SP1 x86_64) (WARNING: The server did not provide any stacktrace information)
      Command duration or timeout: 42 milliseconds
      Build info: version: '3.0.1', revision: '1969d75', time: '2016-10-18 09:49:13 -0700'
      System info: host: 'Ben-PC', ip: '192.168.1.64', os.name: 'Windows 7', os.arch: 'amd64', os.version: '6.1', java.version: '1.8.0_144'
      Driver info: org.openqa.selenium.chrome.ChromeDriver
      Capabilities [{applicationCacheEnabled=false, rotatable=false, mobileEmulationEnabled=false, networkConnectionEnabled=false, chrome={chromedriverVersion=2.25.426923 (0390b88869384d6eb0d5d09729679f934aab9eed), userDataDir=C:\Users\ben\AppData\Local\Temp\scoped_dir6012_20605}, takesHeapSnapshot=true, pageLoadStrategy=normal, databaseEnabled=false, handlesAlerts=true, hasTouchScreen=false, version=62.0.3202.94, platform=XP, browserConnectionEnabled=false, nativeEvents=true, acceptSslCerts=true, locationContextEnabled=true, webStorageEnabled=true, browserName=chrome, takesScreenshot=true, javascriptEnabled=true, cssSelectorsEnabled=true}]
      Session ID: fe2fba0eb80980618d96cb4dff545730
      	at sun.reflect.NativeConstructorAccessorImpl.newInstance0(Native Method)
      	at sun.reflect.NativeConstructorAccessorImpl.newInstance(NativeConstructorAccessorImpl.java:62)
      	at sun.reflect.DelegatingConstructorAccessorImpl.newInstance(DelegatingConstructorAccessorImpl.java:45)
      	at java.lang.reflect.Constructor.newInstance(Constructor.java:423)
      	at org.openqa.selenium.remote.ErrorHandler.createThrowable(ErrorHandler.java:216)
      	at org.openqa.selenium.remote.ErrorHandler.throwIfResponseFailed(ErrorHandler.java:168)
      	at org.openqa.selenium.remote.RemoteWebDriver.execute(RemoteWebDriver.java:635)
      	at org.openqa.selenium.remote.RemoteWebDriver.execute(RemoteWebDriver.java:658)
      	at org.openqa.selenium.remote.RemoteWebDriver$RemoteWebDriverOptions.deleteAllCookies(RemoteWebDriver.java:730)
      	at Steps.Common.iAmOnTheHomePage(Common.java:25)
      	at ?.Given I am on the Home Page(feature/IncorrectLogin.feature:5)
      &amp#27;[0m
    &amp#27;[36mAnd &amp#27;[0m&amp#27;[36mI see a Logo Banner&amp#27;[0m                                                         &amp#27;[90m# Common.iSeeALogoBanner()&amp#27;[0m
    &amp#27;[36mWhen &amp#27;[0m&amp#27;[36mI click SignIn Button&amp#27;[0m                                                      &amp#27;[90m# Login.i_click_SignIn_Button()&amp#27;[0m
    &amp#27;[36mAnd &amp#27;[0m&amp#27;[36mI enter user email "&amp#27;[0m&amp#27;[36m&amp#27;[1mbennaroh@gmail.com&amp#27;[0m&amp#27;[36m" details&amp#27;[0m                             &amp#27;[90m# Login.iEnterUserEmailDetails(String)&amp#27;[0m
    &amp#27;[36mAnd &amp#27;[0m&amp#27;[36mI enter user password "&amp#27;[0m&amp#27;[36m&amp#27;[1m&amp#27;[0m&amp#27;[36m" details&amp#27;[0m                                            &amp#27;[90m# Login.iEnterUserPasswordDetails(String)&amp#27;[0m
    &amp#27;[36mAnd &amp#27;[0m&amp#27;[36mI click the Login Button&amp#27;[0m                                                    &amp#27;[90m# Login.iClickTheLoginButton()&amp#27;[0m
    &amp#27;[36mThen &amp#27;[0m&amp#27;[36mI see an error "&amp#27;[0m&amp#27;[36m&amp#27;[1mPassword is required&amp#27;[0m&amp#27;[36m" message details&amp#27;[0m                      &amp#27;[90m# IncorrectLogin.iSeeAnErrorMessageDetails(String)&amp#27;[0m
@Login
Feature: Login

  Scenario Outline: As a user I want to Login Successfully &amp#27;[90m# feature/Login.feature:4&amp#27;[0m
    &amp#27;[36mGiven &amp#27;[0m&amp#27;[36mI am on the Home Page&amp#27;[0m
    &amp#27;[36mAnd &amp#27;[0m&amp#27;[36mI see a Logo Banner&amp#27;[0m
    &amp#27;[36mWhen &amp#27;[0m&amp#27;[36mI click SignIn Button&amp#27;[0m
    &amp#27;[36mAnd &amp#27;[0m&amp#27;[36mI enter user email "<email>" details&amp#27;[0m
    &amp#27;[36mAnd &amp#27;[0m&amp#27;[36mI enter user password "<password>" details&amp#27;[0m
    &amp#27;[36mAnd &amp#27;[0m&amp#27;[36mI click the Login Button&amp#27;[0m
    &amp#27;[36mThen &amp#27;[0m&amp#27;[36mI should be logged in successfully&amp#27;[0m
    &amp#27;[36mAnd &amp#27;[0m&amp#27;[36mI sign out&amp#27;[0m

    Examples: 
]]></system-out>
  </testcase>
  <testcase name="| bennaroh@gmail.com | benedith12 |" classname="| bennaroh@gmail.com | benedith12 |" time="0.001">
    <error message="no such window: target window already closed&#10;from unknown error: web view not found&#10;  (Session info: chrome=62.0.3202.94)&#10;  (Driver info: chromedriver=2.25.426923 (0390b88869384d6eb0d5d09729679f934aab9eed),platform=Windows NT 6.1.7601 SP1 x86_64) (WARNING: The server did not provide any stacktrace information)&#10;Command duration or timeout: 56 milliseconds&#10;Build info: version: &apos;3.0.1&apos;, revision: &apos;1969d75&apos;, time: &apos;2016-10-18 09:49:13 -0700&apos;&#10;System info: host: &apos;Ben-PC&apos;, ip: &apos;192.168.1.64&apos;, os.name: &apos;Windows 7&apos;, os.arch: &apos;amd64&apos;, os.version: &apos;6.1&apos;, java.version: &apos;1.8.0_144&apos;&#10;Driver info: org.openqa.selenium.chrome.ChromeDriver&#10;Capabilities [{applicationCacheEnabled=false, rotatable=false, mobileEmulationEnabled=false, networkConnectionEnabled=false, chrome={chromedriverVersion=2.25.426923 (0390b88869384d6eb0d5d09729679f934aab9eed), userDataDir=C:\Users\ben\AppData\Local\Temp\scoped_dir6012_20605}, takesHeapSnapshot=true, pageLoadStrategy=normal, databaseEnabled=false, handlesAlerts=true, hasTouchScreen=false, version=62.0.3202.94, platform=XP, browserConnectionEnabled=false, nativeEvents=true, acceptSslCerts=true, locationContextEnabled=true, webStorageEnabled=true, browserName=chrome, takesScreenshot=true, javascriptEnabled=true, cssSelectorsEnabled=true}]&#10;Session ID: fe2fba0eb80980618d96cb4dff545730" type="org.openqa.selenium.NoSuchWindowException">org.openqa.selenium.NoSuchWindowException: 
no such window: target window already closed
from unknown error: web view not found
  (Session info: chrome=62.0.3202.94)
  (Driver info: chromedriver=2.25.426923 (0390b88869384d6eb0d5d09729679f934aab9eed),platform=Windows NT 6.1.7601 SP1 x86_64) (WARNING: The server did not provide any stacktrace information)
Command duration or timeout: 56 milliseconds
Build info: version: '3.0.1', revision: '1969d75', time: '2016-10-18 09:49:13 -0700'
System info: host: 'Ben-PC', ip: '192.168.1.64', os.name: 'Windows 7', os.arch: 'amd64', os.version: '6.1', java.version: '1.8.0_144'
Driver info: org.openqa.selenium.chrome.ChromeDriver
Capabilities [{applicationCacheEnabled=false, rotatable=false, mobileEmulationEnabled=false, networkConnectionEnabled=false, chrome={chromedriverVersion=2.25.426923 (0390b88869384d6eb0d5d09729679f934aab9eed), userDataDir=C:\Users\ben\AppData\Local\Temp\scoped_dir6012_20605}, takesHeapSnapshot=true, pageLoadStrategy=normal, databaseEnabled=false, handlesAlerts=true, hasTouchScreen=false, version=62.0.3202.94, platform=XP, browserConnectionEnabled=false, nativeEvents=true, acceptSslCerts=true, locationContextEnabled=true, webStorageEnabled=true, browserName=chrome, takesScreenshot=true, javascriptEnabled=true, cssSelectorsEnabled=true}]
Session ID: fe2fba0eb80980618d96cb4dff545730
</error>
  </testcase>
  <testcase name="And I see a Logo Banner" classname="| bennaroh@gmail.com | benedith12 |" time="0">
    <skipped/>
  </testcase>
  <testcase name="When I click SignIn Button" classname="| bennaroh@gmail.com | benedith12 |" time="0">
    <skipped/>
  </testcase>
  <testcase name="And I enter user email &quot;bennaroh@gmail.com&quot; details" classname="| bennaroh@gmail.com | benedith12 |" time="0">
    <skipped/>
  </testcase>
  <testcase name="And I enter user password &quot;benedith12&quot; details" classname="| bennaroh@gmail.com | benedith12 |" time="0">
    <skipped/>
  </testcase>
  <testcase name="And I click the Login Button" classname="| bennaroh@gmail.com | benedith12 |" time="0">
    <skipped/>
  </testcase>
  <testcase name="Then I should be logged in successfully" classname="| bennaroh@gmail.com | benedith12 |" time="0">
    <skipped/>
  </testcase>
  <testcase name="And I sign out" classname="| bennaroh@gmail.com | benedith12 |" time="0">
    <skipped/>
  </testcase>
</testsuite>